<?xml version="1.0" encoding="UTF-8"?>
<!-- Generated by org.testng.reporters.JUnitReportReporter -->
<testsuite hostname="DESKTOP-5S79M30" failures="0" tests="1" name="com.HRMS.Testlayer.Dashboard_Test" time="34.292" errors="0" timestamp="2023-03-13T00:41:11 IST" skipped="0">
  <testcase classname="com.HRMS.Testlayer.Dashboard_Test" name="Dashboard_Applynew_Btn" time="34.292"/>
  <system-out/>
</testsuite> <!-- com.HRMS.Testlayer.Dashboard_Test -->
