<?xml version="1.0" encoding="UTF-8"?>
<!-- Generated by org.testng.reporters.JUnitReportReporter -->
<testsuite hostname="DESKTOP-5S79M30" failures="0" tests="1" name="com.HRMS.Pagelayer.Request_module" time="34.963" errors="0" timestamp="2023-03-13T03:22:18 IST" skipped="0">
  <testcase classname="com.HRMS.Pagelayer.Request_module" name="ctc_approval" time="34.963"/>
  <system-out/>
</testsuite> <!-- com.HRMS.Pagelayer.Request_module -->
