<?xml version="1.0" encoding="UTF-8"?>
<!-- Generated by org.testng.reporters.JUnitReportReporter -->
<testsuite hostname="DESKTOP-5S79M30" failures="0" tests="3" name="com.HRMS.Testlayer.Onboarding_Duplicate" time="154.175" errors="0" timestamp="2023-03-12T00:13:59 IST" skipped="0">
  <testcase classname="com.HRMS.Testlayer.Onboarding_Duplicate" name="candidate_create" time="31.512"/>
  <system-out/>
  <testcase classname="com.HRMS.Testlayer.Onboarding_Duplicate" name="welcome_mail" time="52.416"/>
  <system-out/>
  <testcase classname="com.HRMS.Testlayer.Onboarding_Duplicate" name="management_approval" time="70.247"/>
  <system-out/>
</testsuite> <!-- com.HRMS.Testlayer.Onboarding_Duplicate -->
