<?xml version="1.0" encoding="UTF-8"?>
<!-- Generated by org.testng.reporters.JUnitReportReporter -->
<testsuite hostname="DESKTOP-SEM8S45" failures="0" tests="1" name="testlayer.onboarding_test" time="15.194" errors="0" timestamp="2023-02-04T18:28:47 IST" skipped="0">
  <testcase classname="testlayer.onboarding_test" name="login" time="15.194"/>
  <system-out/>
</testsuite> <!-- testlayer.onboarding_test -->
