<?xml version="1.0" encoding="UTF-8"?>
<!-- Generated by org.testng.reporters.JUnitReportReporter -->
<testsuite hostname="DESKTOP-5S79M30" failures="0" tests="1" name="com.HRMS.Testlayer.Onboarding_Test" time="105.739" errors="0" timestamp="2023-03-04T01:33:38 IST" skipped="0">
  <testcase classname="com.HRMS.Testlayer.Onboarding_Test" name="Onboarding" time="105.739"/>
  <system-out/>
</testsuite> <!-- com.HRMS.Testlayer.Onboarding_Test -->
