<?xml version="1.0" encoding="UTF-8"?>
<!-- Generated by org.testng.reporters.JUnitReportReporter -->
<testsuite hostname="DESKTOP-5S79M30" failures="0" tests="1" name="com.HRMS.Testbase.Employee_Side_Accounts" time="71.169" errors="0" timestamp="2023-02-19T20:17:12 IST" skipped="0">
  <testcase classname="com.HRMS.Testbase.Employee_Side_Accounts" name="main" time="71.169"/>
  <system-out/>
</testsuite> <!-- com.HRMS.Testbase.Employee_Side_Accounts -->
